test_flutter_python/build/app/outputs/mapping/release/seeds.txt
com.example.test_flutter_python.MainActivity
com.example.test_flutter_python.MainActivity: MainActivity()
...
io.flutter.embedding.engine.FlutterJNI: io.flutter.embedding.engine.FlutterJNI nativeSpawn(long,java.lang.String,java.lang.String)
io.flutter.embedding.android.FlutterActivity: FlutterActivity()
io.flutter.plugin.editing.ImeSyncDeferringInsetsCallback: boolean access$200(io.flutter.plugin.editing.ImeSyncDeferringInsetsCallback)
io.flutter.embedding.engine.FlutterJNI: void handlePlatformMessage(java.lang.String,byte[],int)
android.support.v4.graphics.drawable.IconCompatParcelizer: void write(androidx.core.graphics.drawable.IconCompat,androidx.versionedparcelable.VersionedParcel)
androidx.lifecycle.Lifecycling$1
io.flutter.embedding.android.FlutterTextureView: io.flutter.embedding.engine.renderer.FlutterRenderer getAttachedRenderer()
io.flutter.embedding.engine.systemchannels.SettingsChannel$PlatformBrightness: io.flutter.embedding.engine.systemchannels.SettingsChannel$PlatformBrightness valueOf(java.lang.String)
io.flutter.embedding.engine.FlutterJNI: void dispatchEmptyPlatformMessage(java.lang.String,int)
io.flutter.embedding.engine.systemchannels.PlatformChannel$Brightness: io.flutter.embedding.engine.systemchannels.PlatformChannel$Brightness[] values()
io.flutter.view.AccessibilityBridge$TextDirection: io.flutter.view.AccessibilityBridge$TextDirection[] values()
io.flutter.embedding.engine.FlutterJNI: java.lang.String[] computePlatformResolvedLocale(java.lang.String[])
io.flutter.embedding.engine.FlutterOverlaySurface: int id
io.flutter.embedding.engine.mutatorsstack.FlutterMutatorsStack: java.util.List getMutators()
androidx.versionedparcelable.CustomVersionedParcelable: CustomVersionedParcelable()
io.flutter.embedding.android.FlutterSplashView$SavedState
io.flutter.embedding.engine.FlutterJNI: void requestDartDeferredLibrary(int)
io.flutter.embedding.engine.FlutterJNI: boolean prefetchDefaultFontManagerCalled
io.flutter.view.FlutterCallbackInformation: java.lang.String callbackClassName
androidx.core.app.CoreComponentFactory: CoreComponentFactory()
io.flutter.plugin.editing.ImeSyncDeferringInsetsCallback: io.flutter.plugin.editing.ImeSyncDeferringInsetsCallback$InsetsListener insetsListener
androidx.core.graphics.drawable.IconCompat: IconCompat()
io.flutter.embedding.engine.FlutterJNI: void nativeOnVsync(long,long,long)
io.flutter.plugin.editing.ImeSyncDeferringInsetsCallback: android.view.View view
io.flutter.embedding.engine.FlutterJNI: java.util.Set engineLifecycleListeners
androidx.lifecycle.FullLifecycleObserverAdapter
io.flutter.embedding.engine.FlutterJNI: java.util.Set flutterUiDisplayListeners
io.flutter.embedding.engine.mutatorsstack.FlutterMutatorsStack
io.flutter.embedding.engine.FlutterJNI: void nativeUpdateJavaAssetManager(long,android.content.res.AssetManager,java.lang.String)
io.flutter.embedding.engine.FlutterJNI: void detachFromNativeAndReleaseResources()
io.flutter.embedding.engine.mutatorsstack.FlutterMutatorsStack: java.util.List getFinalClippingPaths()
io.flutter.embedding.engine.FlutterJNI: io.flutter.embedding.engine.deferredcomponents.DeferredComponentManager deferredComponentManager
io.flutter.view.AccessibilityViewEmbedder: android.util.SparseArray flutterIdToOrigin
io.flutter.view.AccessibilityViewEmbedder: void setFlutterNodeParent(android.view.accessibility.AccessibilityNodeInfo,android.view.View,android.view.accessibility.AccessibilityNodeInfo)
io.flutter.view.FlutterCallbackInformation: java.lang.String callbackLibraryPath
io.flutter.embedding.engine.FlutterJNI: void nativeSurfaceChanged(long,int,int)
io.flutter.embedding.engine.renderer.SurfaceTextureWrapper: void release()
io.flutter.embedding.engine.plugins.lifecycle.HiddenLifecycleReference
androidx.activity.ImmLeaksCleaner
io.flutter.view.AccessibilityViewEmbedder: android.view.accessibility.AccessibilityNodeInfo convertToFlutterNode(android.view.accessibility.AccessibilityNodeInfo,int,android.view.View)