test_flutter_python/build/app/outputs/mapping/release/mapping.txt
# compiler: R8
# compiler_version: 2.1.62
# min_api: 16
# pg_map_id: 3ff9e2a
# common_typos_disable
...
com.tekartik.sqflite.SqflitePlugin$BgResult$1 -> b.b.a.c$i$a:
    com.tekartik.sqflite.SqflitePlugin$BgResult this$1 -> b
    java.lang.Object val$results -> a
com.tekartik.sqflite.SqflitePlugin$BgResult$2 -> b.b.a.c$i$b:
    java.lang.Object val$data -> c
    java.lang.String val$errorCode -> a
    java.lang.String val$errorMessage -> b
    com.tekartik.sqflite.SqflitePlugin$BgResult this$1 -> d
com.tekartik.sqflite.SqflitePlugin$BgResult$3 -> b.b.a.c$i$c:
    com.tekartik.sqflite.SqflitePlugin$BgResult this$1 -> a
com.tekartik.sqflite.SqlCommand -> b.b.a.d:
    java.util.List rawArguments -> b
    java.lang.String sql -> a
    java.util.Map fixMap(java.util.Map) -> a
    java.lang.String[] getQuerySqlArguments() -> b
    java.lang.String[] getQuerySqlArguments(java.util.List) -> c
    java.util.List getRawSqlArguments() -> d
    java.lang.String getSql() -> e
    java.lang.Object[] getSqlArguments() -> f
    java.lang.Object[] getSqlArguments(java.util.List) -> g
    java.util.List getStringQuerySqlArguments(java.util.List) -> h
    com.tekartik.sqflite.SqlCommand sanitizeForQuery() -> i
    java.lang.String toString(java.lang.Object) -> j
    java.lang.Object toValue(java.lang.Object) -> k
com.tekartik.sqflite.dev.Debug -> b.b.a.e.a:
    boolean LOGV -> a
    boolean _EXTRA_LOGV -> b
    boolean EXTRA_LOGV -> c
com.tekartik.sqflite.operation.BaseOperation -> b.b.a.f.a:
    void error(java.lang.String,java.lang.String,java.lang.Object) -> a
    void success(java.lang.Object) -> b
    com.tekartik.sqflite.operation.OperationResult getOperationResult() -> k
com.tekartik.sqflite.operation.BaseReadOperation -> b.b.a.f.b:
    com.tekartik.sqflite.SqlCommand getSqlCommand() -> d
    boolean getNoResult() -> e
    java.lang.Boolean getInTransaction() -> f
    java.lang.Boolean getBoolean(java.lang.String) -> g
    boolean getContinueOnError() -> h
    java.lang.String getSql() -> i
    java.util.List getSqlArguments() -> j
com.tekartik.sqflite.operation.BatchOperation -> b.b.a.f.c:
    java.util.Map map -> a
    com.tekartik.sqflite.operation.BatchOperation$BatchOperationResult operationResult -> b
    boolean noResult -> c
    java.lang.Object getArgument(java.lang.String) -> c
    boolean getNoResult() -> e
    com.tekartik.sqflite.operation.OperationResult getOperationResult() -> k
    java.lang.String getMethod() -> l
    java.util.Map getOperationError() -> m
    java.util.Map getOperationSuccessResult() -> n
    void handleError(io.flutter.plugin.common.MethodChannel$Result) -> o
    void handleErrorContinue(java.util.List) -> p
    void handleSuccess(java.util.List) -> q
com.tekartik.sqflite.operation.BatchOperation$BatchOperationResult -> b.b.a.f.c$a:
    java.lang.Object errorData -> d
    java.lang.Object result -> a
    java.lang.String errorMessage -> c
    java.lang.String errorCode -> b
    void error(java.lang.String,java.lang.String,java.lang.Object) -> a
    void success(java.lang.Object) -> b
com.tekartik.sqflite.operation.ExecuteOperation -> b.b.a.f.d:
    com.tekartik.sqflite.SqlCommand command -> a
    java.lang.Boolean inTransaction -> c
    io.flutter.plugin.common.MethodChannel$Result result -> b
    void error(java.lang.String,java.lang.String,java.lang.Object) -> a
    void success(java.lang.Object) -> b
    java.lang.Object getArgument(java.lang.String) -> c
    com.tekartik.sqflite.SqlCommand getSqlCommand() -> d
    java.lang.Boolean getInTransaction() -> f
com.tekartik.sqflite.operation.MethodCallOperation -> b.b.a.f.e:
    io.flutter.plugin.common.MethodCall methodCall -> a
    com.tekartik.sqflite.operation.MethodCallOperation$Result result -> b
    java.lang.Object getArgument(java.lang.String) -> c
    com.tekartik.sqflite.operation.OperationResult getOperationResult() -> k