test_flutter_python/build/app/outputs/mapping/release/usage.txt
com.example.test_flutter_python.BuildConfig
com.example.test_flutter_python.R$integer
com.example.test_flutter_python.R$style
com.example.test_flutter_python.R$drawable
com.example.test_flutter_python.R
com.example.test_flutter_python.R$color
com.example.test_flutter_python.R$mipmap
com.example.test_flutter_python.R$id
com.example.test_flutter_python.R$dimen
com.example.test_flutter_python.R$layout
com.example.test_flutter_python.R$attr
com.example.test_flutter_python.R$styleable
com.example.test_flutter_python.R$string
...
androidx.core.hardware.fingerprint.FingerprintManagerCompat$AuthenticationResult
androidx.lifecycle.LifecycleRegistryOwner
kotlin.jvm.internal.ByteCompanionObject
kotlin.time.AbstractLongClock$LongClockMark
kotlin.reflect.KParameter$Kind
androidx.fragment.app.Fragment$SavedState
kotlin.random.PlatformRandomKt
kotlin.text.TypeAliasesKt
kotlin.text.RegexKt$fromInt$$inlined$apply$lambda$1
androidx.core.widget.TintableImageSourceView
androidx.core.app.NotificationCompat$InboxStyle
kotlin.time.MonoClock
kotlin.io.FileTreeWalk$FileTreeWalkIterator$BottomUpDirectoryState
kotlin.DslMarker
androidx.core.app.FrameMetricsAggregator$FrameMetricsApi24Impl
kotlin.sequences.SequencesKt__SequencesJVMKt
androidx.customview.widget.FocusStrategy
androidx.fragment.app.Fragment$4
io.flutter.embedding.android.AndroidTouchProcessor:
    private static final int POINTER_DATA_FIELD_COUNT
    private static final int BYTES_PER_FIELD
    private static final int POINTER_DATA_FLAG_BATCHED
    private static final int _POINTER_BUTTON_PRIMARY
androidx.core.util.Preconditions
kotlin.coroutines.experimental.SequenceBuilderKt__SequenceBuilderKt$buildSequence$$inlined$Sequence$1
androidx.core.provider.FontsContractCompat$FontFamilyResult
kotlin.Deprecated
androidx.core.widget.CompoundButtonCompat
io.github.ponnamkarthik.toast.fluttertoast.BuildConfig
io.flutter.plugin.platform.PlatformViewFactory:
    public void <init>(io.flutter.plugin.common.MessageCodec)
kotlin.internal.HidesMembers
androidx.core.R$style
androidx.core.text.TextUtilsCompat
io.flutter.embedding.engine.FlutterEngineConnectionRegistry$FlutterEngineBroadcastReceiverPluginBinding:
    void <init>(android.content.BroadcastReceiver)
    public android.content.BroadcastReceiver getBroadcastReceiver()
    private final android.content.BroadcastReceiver broadcastReceiver
androidx.core.app.NotificationCompat$Action$WearableExtender
androidx.viewpager.R$styleable
io.flutter.embedding.engine.loader.FlutterLoader:
    public static io.flutter.embedding.engine.loader.FlutterLoader getInstance()
    private java.lang.String fullAssetPathFrom(java.lang.String)
    public void ensureInitializationCompleteAsync(android.content.Context,java.lang.String[],android.os.Handler,java.lang.Runnable)
    public boolean initialized()
    public java.lang.String getLookupKeyForAsset(java.lang.String)
    public java.lang.String getLookupKeyForAsset(java.lang.String,java.lang.String)
    private static final java.lang.String TAG
    private static final java.lang.String OLD_GEN_HEAP_SIZE_META_DATA_KEY
    private static final java.lang.String ENABLE_SKPARAGRAPH_META_DATA_KEY
    static final java.lang.String AOT_SHARED_LIBRARY_NAME
    static final java.lang.String SNAPSHOT_ASSET_PATH_KEY
    static final java.lang.String VM_SNAPSHOT_DATA_KEY
    static final java.lang.String ISOLATE_SNAPSHOT_DATA_KEY
    static final java.lang.String FLUTTER_ASSETS_DIR_KEY
    private static final java.lang.String DEFAULT_LIBRARY
    private static final java.lang.String DEFAULT_KERNEL_BLOB
    private static io.flutter.embedding.engine.loader.FlutterLoader instance
kotlin.collections.UCollectionsKt___UCollectionsKt
android.support.v4.os.ResultReceiver$MyRunnable
androidx.core.app.JobIntentService$CompatWorkEnqueuer
kotlin.collections.CollectionsKt___CollectionsJvmKt
androidx.activity.R$dimen
io.flutter.FlutterInjector:
    public static void setInstance(io.flutter.FlutterInjector)
    public static void reset()
kotlin.jvm.internal.ArrayIteratorsKt
io.flutter.plugins.sharedpreferences.R$drawable
androidx.core.view.ViewCompat$FocusDirection
kotlin.ExperimentalUnsignedTypes
kotlin.comparisons.ComparisonsKt__ComparisonsKt$thenByDescending$2
androidx.core.text.TextDirectionHeuristicsCompat$TextDirectionHeuristicInternal